d:\visual studio 2013\projects\winprog2\print editor\debug\print editor.pch
d:\visual studio 2013\projects\winprog2\print editor\debug\vc120.pdb
d:\visual studio 2013\projects\winprog2\print editor\debug\vc120.idb
d:\visual studio 2013\projects\winprog2\print editor\debug\stdafx.obj
d:\visual studio 2013\projects\winprog2\print editor\debug\mainfrm.obj
d:\visual studio 2013\projects\winprog2\print editor\debug\print editor.obj
d:\visual studio 2013\projects\winprog2\print editor\debug\print editordoc.obj
d:\visual studio 2013\projects\winprog2\print editor\debug\print editorview.obj
c:\users\administrator\desktop\그래픽 에디터\winprog2\print editor\debug\print editor.pch
c:\users\administrator\desktop\그래픽 에디터\winprog2\print editor\debug\vc120.pdb
c:\users\administrator\desktop\그래픽 에디터\winprog2\print editor\debug\vc120.idb
c:\users\administrator\desktop\그래픽 에디터\winprog2\print editor\debug\stdafx.obj
c:\users\administrator\desktop\그래픽 에디터\winprog2\print editor\debug\mainfrm.obj
c:\users\administrator\desktop\그래픽 에디터\winprog2\print editor\debug\print editor.obj
c:\users\administrator\desktop\그래픽 에디터\winprog2\print editor\debug\print editordoc.obj
c:\users\administrator\desktop\그래픽 에디터\winprog2\print editor\debug\print editorview.obj
d:\visual studio 2013\projects\winprog2\debug\print editor.ilk
d:\visual studio 2013\projects\winprog2\debug\print editor.exe
d:\visual studio 2013\projects\winprog2\debug\print editor.pdb
c:\users\administrator\desktop\그래픽 에디터\winprog2\debug\print editor.ilk
c:\users\administrator\desktop\그래픽 에디터\winprog2\debug\print editor.exe
c:\users\administrator\desktop\그래픽 에디터\winprog2\debug\print editor.pdb
d:\visual studio 2013\projects\winprog2\print editor\debug\print editor.res
c:\users\administrator\desktop\그래픽 에디터\winprog2\print editor\debug\print editor.res
c:\users\administrator\desktop\그래픽 에디터\winprog2\print editor\debug\print editor.tlog\cl.command.1.tlog
c:\users\administrator\desktop\그래픽 에디터\winprog2\print editor\debug\print editor.tlog\cl.read.1.tlog
c:\users\administrator\desktop\그래픽 에디터\winprog2\print editor\debug\print editor.tlog\cl.write.1.tlog
c:\users\administrator\desktop\그래픽 에디터\winprog2\print editor\debug\print editor.tlog\link.command.1.tlog
c:\users\administrator\desktop\그래픽 에디터\winprog2\print editor\debug\print editor.tlog\link.read.1.tlog
c:\users\administrator\desktop\그래픽 에디터\winprog2\print editor\debug\print editor.tlog\link.write.1.tlog
c:\users\administrator\desktop\그래픽 에디터\winprog2\print editor\debug\print editor.tlog\rc.command.1.tlog
c:\users\administrator\desktop\그래픽 에디터\winprog2\print editor\debug\print editor.tlog\rc.read.1.tlog
c:\users\administrator\desktop\그래픽 에디터\winprog2\print editor\debug\print editor.tlog\rc.write.1.tlog
